<?xml version="1.0" encoding="UTF-8"?>
<testsuite xmlns:xsi="http://www.w3.org/2001/XMLSchema-instance" xsi:noNamespaceSchemaLocation="https://maven.apache.org/surefire/maven-surefire-plugin/xsd/surefire-test-report.xsd" name="com.examly.springapp.CricketerTest" time="6.462" tests="22" errors="2" skipped="0" failures="0">
  <properties>
[...]
</properties>
  <testcase name="BackEnd_GetallPlayerWithTeam" classname="com.examly.springapp.CricketerTest" time="0.376">
    <error message="Request processing failed; nested exception is java.util.NoSuchElementException: Player is empty" type="org.springframework.web.util.NestedServletException">org.springframework.web.util.NestedServletException: Request processing failed; nested exception is java.util.NoSuchElementException: Player is empty
	at com.examly.springapp.CricketerTest.BackEnd_GetallPlayerWithTeam(CricketerTest.java:181)
Caused by: java.util.NoSuchElementException: Player is empty
	at com.examly.springapp.CricketerTest.BackEnd_GetallPlayerWithTeam(CricketerTest.java:181)
</error>
    <system-out><![CDATA[06:53:59.272 [main] DEBUG org.springframework.test.context.BootstrapUtils - Instantiating CacheAwareContextLoaderDelegate from class [org.springframework.test.context.cache.DefaultCacheAwareContextLoaderDelegate]
06:53:59.281 [main] DEBUG org.springframework.test.context.BootstrapUtils - Instantiating BootstrapContext using constructor [public org.springframework.test.context.support.DefaultBootstrapContext(java.lang.Class,org.springframework.test.context.CacheAwareContextLoaderDelegate)]
06:53:59.319 [main] DEBUG org.springframework.test.context.BootstrapUtils - Instantiating TestContextBootstrapper for test class [com.examly.springapp.CricketerTest] from class [org.springframework.boot.test.context.SpringBootTestContextBootstrapper]
06:53:59.331 [main] INFO org.springframework.boot.test.context.SpringBootTestContextBootstrapper - Neither @ContextConfiguration nor @ContextHierarchy found for test class [com.examly.springapp.CricketerTest], using SpringBootContextLoader
06:53:59.335 [main] DEBUG org.springframework.test.context.support.AbstractContextLoader - Did not detect default resource location for test class [com.examly.springapp.CricketerTest]: class path resource [com/examly/springapp/CricketerTest-context.xml] does not exist
06:53:59.335 [main] DEBUG org.springframework.test.context.support.AbstractContextLoader - Did not detect default resource location for test class [com.examly.springapp.CricketerTest]: class path resource [com/examly/springapp/CricketerTestContext.groovy] does not exist
06:53:59.335 [main] INFO org.springframework.test.context.support.AbstractContextLoader - Could not detect default resource locations for test class [com.examly.springapp.CricketerTest]: no resource found for suffixes {-context.xml, Context.groovy}.
06:53:59.336 [main] INFO org.springframework.test.context.support.AnnotationConfigContextLoaderUtils - Could not detect default configuration classes for test class [com.examly.springapp.CricketerTest]: CricketerTest does not declare any static, non-private, non-final, nested classes annotated with @Configuration.
06:53:59.409 [main] DEBUG org.springframework.test.context.support.ActiveProfilesUtils - Could not find an 'annotation declaring class' for annotation type [org.springframework.test.context.ActiveProfiles] and class [com.examly.springapp.CricketerTest]
06:53:59.493 [main] DEBUG org.springframework.context.annotation.ClassPathScanningCandidateComponentProvider - Identified candidate component class: file [/home/coder/project/workspace/springapp/target/classes/com/examly/springapp/SpringappApplication.class]
06:53:59.494 [main] INFO org.springframework.boot.test.context.SpringBootTestContextBootstrapper - Found @SpringBootConfiguration com.examly.springapp.SpringappApplication for test class com.examly.springapp.CricketerTest
06:53:59.599 [main] DEBUG org.springframework.boot.test.context.SpringBootTestContextBootstrapper - @TestExecutionListeners is not present for class [com.examly.springapp.CricketerTest]: using defaults.
06:53:59.599 [main] INFO org.springframework.boot.test.context.SpringBootTestContextBootstrapper - Loaded default TestExecutionListener class names from location [META-INF/spring.factories]: [org.springframework.boot.test.mock.mockito.MockitoTestExecutionListener, org.springframework.boot.test.mock.mockito.ResetMocksTestExecutionListener, org.springframework.boot.test.autoconfigure.restdocs.RestDocsTestExecutionListener, org.springframework.boot.test.autoconfigure.web.client.MockRestServiceServerResetTestExecutionListener, org.springframework.boot.test.autoconfigure.web.servlet.MockMvcPrintOnlyOnFailureTestExecutionListener, org.springframework.boot.test.autoconfigure.web.servlet.WebDriverTestExecutionListener, org.springframework.boot.test.autoconfigure.webservices.client.MockWebServiceServerTestExecutionListener, org.springframework.test.context.web.ServletTestExecutionListener, org.springframework.test.context.support.DirtiesContextBeforeModesTestExecutionListener, org.springframework.test.context.event.ApplicationEventsTestExecutionListener, org.springframework.test.context.support.DependencyInjectionTestExecutionListener, org.springframework.test.context.support.DirtiesContextTestExecutionListener, org.springframework.test.context.transaction.TransactionalTestExecutionListener, org.springframework.test.context.jdbc.SqlScriptsTestExecutionListener, org.springframework.test.context.event.EventPublishingTestExecutionListener]
06:53:59.618 [main] INFO org.springframework.boot.test.context.SpringBootTestContextBootstrapper - Using TestExecutionListeners: [org.springframework.test.context.web.ServletTestExecutionListener@14d14731, org.springframework.test.context.support.DirtiesContextBeforeModesTestExecutionListener@2eced48b, org.springframework.test.context.event.ApplicationEventsTestExecutionListener@47c4ecdc, org.springframework.boot.test.mock.mockito.MockitoTestExecutionListener@42f33b5d, org.springframework.boot.test.autoconfigure.SpringBootDependencyInjectionTestExecutionListener@5c8504fd, org.springframework.test.context.support.DirtiesContextTestExecutionListener@4b7e96a, org.springframework.test.context.transaction.TransactionalTestExecutionListener@6475472c, org.springframework.test.context.jdbc.SqlScriptsTestExecutionListener@3f07b12c, org.springframework.test.context.event.EventPublishingTestExecutionListener@4bd1f8dd, org.springframework.boot.test.mock.mockito.ResetMocksTestExecutionListener@7096b474, org.springframework.boot.test.autoconfigure.restdocs.RestDocsTestExecutionListener@3e14c16d, org.springframework.boot.test.autoconfigure.web.client.MockRestServiceServerResetTestExecutionListener@3c989952, org.springframework.boot.test.autoconfigure.web.servlet.MockMvcPrintOnlyOnFailureTestExecutionListener@784b990c, org.springframework.boot.test.autoconfigure.web.servlet.WebDriverTestExecutionListener@3d3ba765, org.springframework.boot.test.autoconfigure.webservices.client.MockWebServiceServerTestExecutionListener@25bc0606]
06:53:59.622 [main] DEBUG org.springframework.test.context.support.AbstractDirtiesContextTestExecutionListener - Before test class: context [DefaultTestContext@7ec3394b testClass = CricketerTest, testInstance = [null], testMethod = [null], testException = [null], mergedContextConfiguration = [WebMergedContextConfiguration@bff34c6 testClass = CricketerTest, locations = '{}', classes = '{class com.examly.springapp.SpringappApplication}', contextInitializerClasses = '[]', activeProfiles = '{}', propertySourceLocations = '{}', propertySourceProperties = '{org.springframework.boot.test.context.SpringBootTestContextBootstrapper=true}', contextCustomizers = set[[ImportsContextCustomizer@1522d8a0 key = [org.springframework.boot.test.autoconfigure.web.servlet.MockMvcAutoConfiguration, org.springframework.boot.test.autoconfigure.web.servlet.MockMvcWebClientAutoConfiguration, org.springframework.boot.test.autoconfigure.web.servlet.MockMvcWebDriverAutoConfiguration, org.springframework.boot.autoconfigure.security.oauth2.client.servlet.OAuth2ClientAutoConfiguration, org.springframework.boot.autoconfigure.security.oauth2.resource.servlet.OAuth2ResourceServerAutoConfiguration, org.springframework.boot.autoconfigure.security.servlet.SecurityAutoConfiguration, org.springframework.boot.autoconfigure.security.servlet.SecurityFilterAutoConfiguration, org.springframework.boot.autoconfigure.security.servlet.UserDetailsServiceAutoConfiguration, org.springframework.boot.test.autoconfigure.web.servlet.MockMvcSecurityConfiguration, org.springframework.boot.test.autoconfigure.web.reactive.WebTestClientAutoConfiguration]], org.springframework.boot.test.context.filter.ExcludeFilterContextCustomizer@a82c5f1, org.springframework.boot.test.json.DuplicateJsonObjectContextCustomizerFactory$DuplicateJsonObjectContextCustomizer@4e07b95f, org.springframework.boot.test.mock.mockito.MockitoContextCustomizer@0, org.springframework.boot.test.web.client.TestRestTemplateContextCustomizer@4b5189ac, org.springframework.boot.test.autoconfigure.actuate.metrics.MetricsExportContextCustomizerFactory$DisableMetricExportContextCustomizer@6e01f9b0, org.springframework.boot.test.autoconfigure.properties.PropertyMappingContextCustomizer@4b3fa0b3, org.springframework.boot.test.autoconfigure.web.servlet.WebDriverContextCustomizerFactory$Customizer@1722011b, org.springframework.boot.test.context.SpringBootTestArgs@1, org.springframework.boot.test.context.SpringBootTestWebEnvironment@460d0a57], resourceBasePath = 'src/main/webapp', contextLoader = 'org.springframework.boot.test.context.SpringBootContextLoader', parent = [null]], attributes = map['org.springframework.test.context.web.ServletTestExecutionListener.activateListener' -> true]], class annotated with @DirtiesContext [false] with mode [null].

  .   ____          _            __ _ _
 /\\ / ___'_ __ _ _(_)_ __  __ _ \ \ \ \
( ( )\___ | '_ | '_| | '_ \/ _` | \ \ \ \
 \\/  ___)| |_)| | | | | || (_| |  ) ) ) )
  '  |____| .__|_| |_|_| |_\__, | / / / /
 =========|_|==============|___/=/_/_/_/
 :: Spring Boot ::               (v2.7.14)

2023-09-21 06:54:00.074  INFO 692 --- [           main] com.examly.springapp.CricketerTest       : Starting CricketerTest using Java 11.0.19 on cacdedcadadeeefcbbdfefcbfbfaadecbbecc-0 with PID 692 (started by coder in /home/coder/project/workspace/springapp)
2023-09-21 06:54:00.076  INFO 692 --- [           main] com.examly.springapp.CricketerTest       : No active profile set, falling back to 1 default profile: "default"
2023-09-21 06:54:01.015  INFO 692 --- [           main] .s.d.r.c.RepositoryConfigurationDelegate : Bootstrapping Spring Data JPA repositories in DEFAULT mode.
2023-09-21 06:54:01.088  INFO 692 --- [           main] .s.d.r.c.RepositoryConfigurationDelegate : Finished Spring Data repository scanning in 64 ms. Found 3 JPA repository interfaces.
2023-09-21 06:54:01.729  INFO 692 --- [           main] o.hibernate.jpa.internal.util.LogHelper  : HHH000204: Processing PersistenceUnitInfo [name: default]
2023-09-21 06:54:01.797  INFO 692 --- [           main] org.hibernate.Version                    : HHH000412: Hibernate ORM core version 5.6.15.Final
2023-09-21 06:54:01.969  INFO 692 --- [           main] o.hibernate.annotations.common.Version   : HCANN000001: Hibernate Commons Annotations {5.1.2.Final}
2023-09-21 06:54:02.066  INFO 692 --- [           main] com.zaxxer.hikari.HikariDataSource       : HikariPool-1 - Starting...
2023-09-21 06:54:02.283  INFO 692 --- [           main] com.zaxxer.hikari.HikariDataSource       : HikariPool-1 - Start completed.
2023-09-21 06:54:02.297  INFO 692 --- [           main] org.hibernate.dialect.Dialect            : HHH000400: Using dialect: org.hibernate.dialect.MySQL8Dialect
Hibernate: create table player (id bigint not null auto_increment, age integer not null, bidding_price double precision not null, category varchar(255), email varchar(255), name varchar(255), sold bit not null, team_id bigint, primary key (id)) engine=InnoDB
Hibernate: create table team (id bigint not null auto_increment, maximum_budget double precision not null, name varchar(255), primary key (id)) engine=InnoDB
Hibernate: create table user (id bigint not null auto_increment, password varchar(255), role varchar(255), username varchar(255), primary key (id)) engine=InnoDB
Hibernate: alter table player add constraint FKdvd6ljes11r44igawmpm1mc5s foreign key (team_id) references team (id)
2023-09-21 06:54:03.093  INFO 692 --- [           main] o.h.e.t.j.p.i.JtaPlatformInitiator       : HHH000490: Using JtaPlatform implementation: [org.hibernate.engine.transaction.jta.platform.internal.NoJtaPlatform]
2023-09-21 06:54:03.103  INFO 692 --- [           main] j.LocalContainerEntityManagerFactoryBean : Initialized JPA EntityManagerFactory for persistence unit 'default'
2023-09-21 06:54:03.873  INFO 692 --- [           main] o.s.s.web.DefaultSecurityFilterChain     : Will secure any request with [org.springframework.security.web.session.DisableEncodeUrlFilter@6f7241c2, org.springframework.security.web.context.request.async.WebAsyncManagerIntegrationFilter@32245b66, org.springframework.security.web.context.SecurityContextPersistenceFilter@bf18412, org.springframework.security.web.header.HeaderWriterFilter@5759edff, org.springframework.web.filter.CorsFilter@19355a56, org.springframework.security.web.authentication.logout.LogoutFilter@558aa1f1, org.springframework.security.web.authentication.UsernamePasswordAuthenticationFilter@1e4d93f7, org.springframework.security.web.authentication.ui.DefaultLoginPageGeneratingFilter@104392ba, org.springframework.security.web.authentication.ui.DefaultLogoutPageGeneratingFilter@1ff23bd1, org.springframework.security.web.authentication.www.BasicAuthenticationFilter@89465d9, org.springframework.security.web.savedrequest.RequestCacheAwareFilter@5ca7619f, org.springframework.security.web.servletapi.SecurityContextHolderAwareRequestFilter@2911db81, org.springframework.security.web.authentication.AnonymousAuthenticationFilter@62f305bc, org.springframework.security.web.session.SessionManagementFilter@35d3202b, org.springframework.security.web.access.ExceptionTranslationFilter@5d84b088, org.springframework.security.web.access.intercept.AuthorizationFilter@627d5f99]
2023-09-21 06:54:03.913  WARN 692 --- [           main] JpaBaseConfiguration$JpaWebConfiguration : spring.jpa.open-in-view is enabled by default. Therefore, database queries may be performed during view rendering. Explicitly configure spring.jpa.open-in-view to disable this warning
2023-09-21 06:54:04.666  INFO 692 --- [           main] o.s.b.t.m.w.SpringBootMockServletContext : Initializing Spring TestDispatcherServlet ''
2023-09-21 06:54:04.666  INFO 692 --- [           main] o.s.t.web.servlet.TestDispatcherServlet  : Initializing Servlet ''
2023-09-21 06:54:04.667  INFO 692 --- [           main] o.s.t.web.servlet.TestDispatcherServlet  : Completed initialization in 1 ms
2023-09-21 06:54:04.690  INFO 692 --- [           main] com.examly.springapp.CricketerTest       : Started CricketerTest in 5.011 seconds (JVM running for 6.286)
Hibernate: select player0_.id as id1_0_, player0_.age as age2_0_, player0_.bidding_price as bidding_3_0_, player0_.category as category4_0_, player0_.email as email5_0_, player0_.name as name6_0_, player0_.sold as sold7_0_, player0_.team_id as team_id8_0_ from player player0_
]]></system-out>
  </testcase>
  <testcase name="BackEnd_GetallUnsoldPlayer" classname="com.examly.springapp.CricketerTest" time="0.13"/>
  <testcase name="BackEnd_GetallPlayerList" classname="com.examly.springapp.CricketerTest" time="0.026"/>
  <testcase name="BackEnd_Configfolder" classname="com.examly.springapp.CricketerTest" time="0.013"/>
  <testcase name="BackEnd_GetallTeam" classname="com.examly.springapp.CricketerTest" time="0.013">
    <error message="Request processing failed; nested exception is java.util.NoSuchElementException: Team is empty" type="org.springframework.web.util.NestedServletException">org.springframework.web.util.NestedServletException: Request processing failed; nested exception is java.util.NoSuchElementException: Team is empty
	at com.examly.springapp.CricketerTest.BackEnd_GetallTeam(CricketerTest.java:163)
Caused by: java.util.NoSuchElementException: Team is empty
	at com.examly.springapp.CricketerTest.BackEnd_GetallTeam(CricketerTest.java:163)
</error>
    <system-out><![CDATA[Hibernate: select team0_.id as id1_1_, team0_.maximum_budget as maximum_2_1_, team0_.name as name3_1_ from team team0_
]]></system-out>
  </testcase>
  <testcase name="BackEnd_TeamControllerFile" classname="com.examly.springapp.CricketerTest" time="0.003"/>
  <testcase name="BackEnd_PlayerClass" classname="com.examly.springapp.CricketerTest" time="0.003"/>
  <testcase name="BackEnd_Teamadd" classname="com.examly.springapp.CricketerTest" time="0.143"/>
  <testcase name="BackEnd_Controllerfolder" classname="com.examly.springapp.CricketerTest" time="0.002"/>
  <testcase name="BackEnd_Playeradd" classname="com.examly.springapp.CricketerTest" time="0.031"/>
  <testcase name="BackEnd_TestFieldExistence" classname="com.examly.springapp.CricketerTest" time="0.003"/>
  <testcase name="BackEnd_UserClassRepo" classname="com.examly.springapp.CricketerTest" time="0.002"/>
  <testcase name="BackEnd_SpringSecurity" classname="com.examly.springapp.CricketerTest" time="0.003"/>
  <testcase name="BackEnd_GetallSoldPlayer" classname="com.examly.springapp.CricketerTest" time="0.01"/>
  <testcase name="BackEnd_UserControllerFile" classname="com.examly.springapp.CricketerTest" time="0.003"/>
  <testcase name="BackEnd_TeamClass" classname="com.examly.springapp.CricketerTest" time="0.002"/>
  <testcase name="BackEnd_PlayerClassRepo" classname="com.examly.springapp.CricketerTest" time="0.002"/>
  <testcase name="BackEnd_AdminControllerFile" classname="com.examly.springapp.CricketerTest" time="0.002"/>
  <testcase name="BackEnd_Springssecurity" classname="com.examly.springapp.CricketerTest" time="0.013"/>
  <testcase name="BackEnd_UserClass" classname="com.examly.springapp.CricketerTest" time="0"/>
  <testcase name="BackEnd_TeamClassRepo" classname="com.examly.springapp.CricketerTest" time="0.002"/>
  <testcase name="BackEnd_SpringRegisterUser" classname="com.examly.springapp.CricketerTest" time="0.127"/>
</testsuite>